{"/Users/jtally/agg/ip-aggregate/app.js": {"path":"/Users/jtally/agg/ip-aggregate/app.js","all":false,"statementMap":{"0":{"start":{"line":1,"column":0},"end":{"line":1,"column":3}},"1":{"start":{"line":2,"column":0},"end":{"line":2,"column":23}},"2":{"start":{"line":3,"column":0},"end":{"line":3,"column":50}},"3":{"start":{"line":4,"column":0},"end":{"line":4,"column":31}},"4":{"start":{"line":5,"column":0},"end":{"line":5,"column":3}},"5":{"start":{"line":6,"column":0},"end":{"line":6,"column":0}},"6":{"start":{"line":7,"column":0},"end":{"line":7,"column":58}},"7":{"start":{"line":8,"column":0},"end":{"line":8,"column":61}},"8":{"start":{"line":9,"column":0},"end":{"line":9,"column":0}},"9":{"start":{"line":10,"column":0},"end":{"line":10,"column":69}},"10":{"start":{"line":11,"column":0},"end":{"line":11,"column":23}},"11":{"start":{"line":12,"column":0},"end":{"line":12,"column":0}},"12":{"start":{"line":13,"column":0},"end":{"line":13,"column":44}},"13":{"start":{"line":14,"column":0},"end":{"line":14,"column":28}},"14":{"start":{"line":15,"column":0},"end":{"line":15,"column":0}},"15":{"start":{"line":16,"column":0},"end":{"line":16,"column":3}},"16":{"start":{"line":17,"column":0},"end":{"line":17,"column":55}},"17":{"start":{"line":18,"column":0},"end":{"line":18,"column":49}},"18":{"start":{"line":19,"column":0},"end":{"line":19,"column":54}},"19":{"start":{"line":20,"column":0},"end":{"line":20,"column":3}},"20":{"start":{"line":21,"column":0},"end":{"line":21,"column":27}},"21":{"start":{"line":22,"column":0},"end":{"line":22,"column":27}},"22":{"start":{"line":23,"column":0},"end":{"line":23,"column":17}},"23":{"start":{"line":24,"column":0},"end":{"line":24,"column":3}},"24":{"start":{"line":25,"column":0},"end":{"line":25,"column":0}},"25":{"start":{"line":26,"column":0},"end":{"line":26,"column":67}},"26":{"start":{"line":27,"column":0},"end":{"line":27,"column":38}},"27":{"start":{"line":28,"column":0},"end":{"line":28,"column":27}},"28":{"start":{"line":29,"column":0},"end":{"line":29,"column":0}},"29":{"start":{"line":30,"column":0},"end":{"line":30,"column":47}},"30":{"start":{"line":31,"column":0},"end":{"line":31,"column":31}},"31":{"start":{"line":32,"column":0},"end":{"line":32,"column":47}},"32":{"start":{"line":33,"column":0},"end":{"line":33,"column":3}},"33":{"start":{"line":34,"column":0},"end":{"line":34,"column":14}},"34":{"start":{"line":35,"column":0},"end":{"line":35,"column":1}},"35":{"start":{"line":36,"column":0},"end":{"line":36,"column":0}},"36":{"start":{"line":37,"column":0},"end":{"line":37,"column":3}},"37":{"start":{"line":38,"column":0},"end":{"line":38,"column":55}},"38":{"start":{"line":39,"column":0},"end":{"line":39,"column":49}},"39":{"start":{"line":40,"column":0},"end":{"line":40,"column":54}},"40":{"start":{"line":41,"column":0},"end":{"line":41,"column":3}},"41":{"start":{"line":42,"column":0},"end":{"line":42,"column":27}},"42":{"start":{"line":43,"column":0},"end":{"line":43,"column":27}},"43":{"start":{"line":44,"column":0},"end":{"line":44,"column":17}},"44":{"start":{"line":45,"column":0},"end":{"line":45,"column":3}},"45":{"start":{"line":46,"column":0},"end":{"line":46,"column":0}},"46":{"start":{"line":47,"column":0},"end":{"line":47,"column":7}},"47":{"start":{"line":48,"column":0},"end":{"line":48,"column":34}},"48":{"start":{"line":49,"column":0},"end":{"line":49,"column":26}},"49":{"start":{"line":50,"column":0},"end":{"line":50,"column":15}},"50":{"start":{"line":51,"column":0},"end":{"line":51,"column":17}},"51":{"start":{"line":52,"column":0},"end":{"line":52,"column":3}},"52":{"start":{"line":53,"column":0},"end":{"line":53,"column":1}},"53":{"start":{"line":54,"column":0},"end":{"line":54,"column":0}},"54":{"start":{"line":55,"column":0},"end":{"line":55,"column":3}},"55":{"start":{"line":56,"column":0},"end":{"line":56,"column":48}},"56":{"start":{"line":57,"column":0},"end":{"line":57,"column":69}},"57":{"start":{"line":58,"column":0},"end":{"line":58,"column":41}},"58":{"start":{"line":59,"column":0},"end":{"line":59,"column":3}},"59":{"start":{"line":60,"column":0},"end":{"line":60,"column":32}},"60":{"start":{"line":61,"column":0},"end":{"line":61,"column":27}},"61":{"start":{"line":62,"column":0},"end":{"line":62,"column":16}},"62":{"start":{"line":63,"column":0},"end":{"line":63,"column":3}},"63":{"start":{"line":64,"column":0},"end":{"line":64,"column":0}},"64":{"start":{"line":65,"column":0},"end":{"line":65,"column":25}},"65":{"start":{"line":66,"column":0},"end":{"line":66,"column":24}},"66":{"start":{"line":67,"column":0},"end":{"line":67,"column":3}},"67":{"start":{"line":68,"column":0},"end":{"line":68,"column":0}},"68":{"start":{"line":69,"column":0},"end":{"line":69,"column":25}},"69":{"start":{"line":70,"column":0},"end":{"line":70,"column":25}},"70":{"start":{"line":71,"column":0},"end":{"line":71,"column":3}},"71":{"start":{"line":72,"column":0},"end":{"line":72,"column":0}},"72":{"start":{"line":73,"column":0},"end":{"line":73,"column":14}},"73":{"start":{"line":74,"column":0},"end":{"line":74,"column":1}},"74":{"start":{"line":75,"column":0},"end":{"line":75,"column":0}},"75":{"start":{"line":76,"column":0},"end":{"line":76,"column":3}},"76":{"start":{"line":77,"column":0},"end":{"line":77,"column":48}},"77":{"start":{"line":78,"column":0},"end":{"line":78,"column":51}},"78":{"start":{"line":79,"column":0},"end":{"line":79,"column":44}},"79":{"start":{"line":80,"column":0},"end":{"line":80,"column":3}},"80":{"start":{"line":81,"column":0},"end":{"line":81,"column":28}},"81":{"start":{"line":82,"column":0},"end":{"line":82,"column":38}},"82":{"start":{"line":83,"column":0},"end":{"line":83,"column":14}},"83":{"start":{"line":84,"column":0},"end":{"line":84,"column":3}},"84":{"start":{"line":85,"column":0},"end":{"line":85,"column":0}},"85":{"start":{"line":86,"column":0},"end":{"line":86,"column":14}},"86":{"start":{"line":87,"column":0},"end":{"line":87,"column":11}},"87":{"start":{"line":88,"column":0},"end":{"line":88,"column":20}},"88":{"start":{"line":89,"column":0},"end":{"line":89,"column":25}},"89":{"start":{"line":90,"column":0},"end":{"line":90,"column":32}},"90":{"start":{"line":91,"column":0},"end":{"line":91,"column":26}},"91":{"start":{"line":92,"column":0},"end":{"line":92,"column":1}},"92":{"start":{"line":93,"column":0},"end":{"line":93,"column":0}},"93":{"start":{"line":94,"column":0},"end":{"line":94,"column":3}},"94":{"start":{"line":95,"column":0},"end":{"line":95,"column":46}},"95":{"start":{"line":96,"column":0},"end":{"line":96,"column":46}},"96":{"start":{"line":97,"column":0},"end":{"line":97,"column":57}},"97":{"start":{"line":98,"column":0},"end":{"line":98,"column":3}},"98":{"start":{"line":99,"column":0},"end":{"line":99,"column":28}},"99":{"start":{"line":100,"column":0},"end":{"line":100,"column":42}},"100":{"start":{"line":101,"column":0},"end":{"line":101,"column":17}},"101":{"start":{"line":102,"column":0},"end":{"line":102,"column":3}},"102":{"start":{"line":103,"column":0},"end":{"line":103,"column":0}},"103":{"start":{"line":104,"column":0},"end":{"line":104,"column":32}},"104":{"start":{"line":105,"column":0},"end":{"line":105,"column":27}},"105":{"start":{"line":106,"column":0},"end":{"line":106,"column":17}},"106":{"start":{"line":107,"column":0},"end":{"line":107,"column":3}},"107":{"start":{"line":108,"column":0},"end":{"line":108,"column":0}},"108":{"start":{"line":109,"column":0},"end":{"line":109,"column":34}},"109":{"start":{"line":110,"column":0},"end":{"line":110,"column":0}},"110":{"start":{"line":111,"column":0},"end":{"line":111,"column":49}},"111":{"start":{"line":112,"column":0},"end":{"line":112,"column":17}},"112":{"start":{"line":113,"column":0},"end":{"line":113,"column":3}},"113":{"start":{"line":114,"column":0},"end":{"line":114,"column":0}},"114":{"start":{"line":115,"column":0},"end":{"line":115,"column":37}},"115":{"start":{"line":116,"column":0},"end":{"line":116,"column":0}},"116":{"start":{"line":117,"column":0},"end":{"line":117,"column":76}},"117":{"start":{"line":118,"column":0},"end":{"line":118,"column":1}},"118":{"start":{"line":119,"column":0},"end":{"line":119,"column":0}},"119":{"start":{"line":120,"column":0},"end":{"line":120,"column":3}},"120":{"start":{"line":121,"column":0},"end":{"line":121,"column":36}},"121":{"start":{"line":122,"column":0},"end":{"line":122,"column":41}},"122":{"start":{"line":123,"column":0},"end":{"line":123,"column":41}},"123":{"start":{"line":124,"column":0},"end":{"line":124,"column":45}},"124":{"start":{"line":125,"column":0},"end":{"line":125,"column":3}},"125":{"start":{"line":126,"column":0},"end":{"line":126,"column":39}},"126":{"start":{"line":127,"column":0},"end":{"line":127,"column":67}},"127":{"start":{"line":128,"column":0},"end":{"line":128,"column":41}},"128":{"start":{"line":129,"column":0},"end":{"line":129,"column":0}},"129":{"start":{"line":130,"column":0},"end":{"line":130,"column":15}},"130":{"start":{"line":131,"column":0},"end":{"line":131,"column":17}},"131":{"start":{"line":132,"column":0},"end":{"line":132,"column":3}},"132":{"start":{"line":133,"column":0},"end":{"line":133,"column":0}},"133":{"start":{"line":134,"column":0},"end":{"line":134,"column":47}},"134":{"start":{"line":135,"column":0},"end":{"line":135,"column":0}},"135":{"start":{"line":136,"column":0},"end":{"line":136,"column":31}},"136":{"start":{"line":137,"column":0},"end":{"line":137,"column":35}},"137":{"start":{"line":138,"column":0},"end":{"line":138,"column":19}},"138":{"start":{"line":139,"column":0},"end":{"line":139,"column":5}},"139":{"start":{"line":140,"column":0},"end":{"line":140,"column":3}},"140":{"start":{"line":141,"column":0},"end":{"line":141,"column":0}},"141":{"start":{"line":142,"column":0},"end":{"line":142,"column":37}},"142":{"start":{"line":143,"column":0},"end":{"line":143,"column":1}},"143":{"start":{"line":144,"column":0},"end":{"line":144,"column":0}},"144":{"start":{"line":145,"column":0},"end":{"line":145,"column":3}},"145":{"start":{"line":146,"column":0},"end":{"line":146,"column":36}},"146":{"start":{"line":147,"column":0},"end":{"line":147,"column":41}},"147":{"start":{"line":148,"column":0},"end":{"line":148,"column":41}},"148":{"start":{"line":149,"column":0},"end":{"line":149,"column":45}},"149":{"start":{"line":150,"column":0},"end":{"line":150,"column":3}},"150":{"start":{"line":151,"column":0},"end":{"line":151,"column":39}},"151":{"start":{"line":152,"column":0},"end":{"line":152,"column":7}},"152":{"start":{"line":153,"column":0},"end":{"line":153,"column":37}},"153":{"start":{"line":154,"column":0},"end":{"line":154,"column":17}},"154":{"start":{"line":155,"column":0},"end":{"line":155,"column":19}},"155":{"start":{"line":156,"column":0},"end":{"line":156,"column":5}},"156":{"start":{"line":157,"column":0},"end":{"line":157,"column":40}},"157":{"start":{"line":158,"column":0},"end":{"line":158,"column":15}},"158":{"start":{"line":159,"column":0},"end":{"line":159,"column":17}},"159":{"start":{"line":160,"column":0},"end":{"line":160,"column":3}},"160":{"start":{"line":161,"column":0},"end":{"line":161,"column":1}},"161":{"start":{"line":162,"column":0},"end":{"line":162,"column":0}},"162":{"start":{"line":163,"column":0},"end":{"line":163,"column":3}},"163":{"start":{"line":164,"column":0},"end":{"line":164,"column":52}},"164":{"start":{"line":165,"column":0},"end":{"line":165,"column":73}},"165":{"start":{"line":166,"column":0},"end":{"line":166,"column":88}},"166":{"start":{"line":167,"column":0},"end":{"line":167,"column":3}},"167":{"start":{"line":168,"column":0},"end":{"line":168,"column":26}},"168":{"start":{"line":169,"column":0},"end":{"line":169,"column":35}},"169":{"start":{"line":170,"column":0},"end":{"line":170,"column":0}},"170":{"start":{"line":171,"column":0},"end":{"line":171,"column":28}},"171":{"start":{"line":172,"column":0},"end":{"line":172,"column":35}},"172":{"start":{"line":173,"column":0},"end":{"line":173,"column":38}},"173":{"start":{"line":174,"column":0},"end":{"line":174,"column":0}},"174":{"start":{"line":175,"column":0},"end":{"line":175,"column":53}},"175":{"start":{"line":176,"column":0},"end":{"line":176,"column":54}},"176":{"start":{"line":177,"column":0},"end":{"line":177,"column":51}},"177":{"start":{"line":178,"column":0},"end":{"line":178,"column":0}},"178":{"start":{"line":179,"column":0},"end":{"line":179,"column":29}},"179":{"start":{"line":180,"column":0},"end":{"line":180,"column":55}},"180":{"start":{"line":181,"column":0},"end":{"line":181,"column":26}},"181":{"start":{"line":182,"column":0},"end":{"line":182,"column":0}},"182":{"start":{"line":183,"column":0},"end":{"line":183,"column":37}},"183":{"start":{"line":184,"column":0},"end":{"line":184,"column":33}},"184":{"start":{"line":185,"column":0},"end":{"line":185,"column":49}},"185":{"start":{"line":186,"column":0},"end":{"line":186,"column":50}},"186":{"start":{"line":187,"column":0},"end":{"line":187,"column":39}},"187":{"start":{"line":188,"column":0},"end":{"line":188,"column":36}},"188":{"start":{"line":189,"column":0},"end":{"line":189,"column":5}},"189":{"start":{"line":190,"column":0},"end":{"line":190,"column":17}},"190":{"start":{"line":191,"column":0},"end":{"line":191,"column":10}},"191":{"start":{"line":192,"column":0},"end":{"line":192,"column":35}},"192":{"start":{"line":193,"column":0},"end":{"line":193,"column":41}},"193":{"start":{"line":194,"column":0},"end":{"line":194,"column":0}},"194":{"start":{"line":195,"column":0},"end":{"line":195,"column":37}},"195":{"start":{"line":196,"column":0},"end":{"line":196,"column":33}},"196":{"start":{"line":197,"column":0},"end":{"line":197,"column":42}},"197":{"start":{"line":198,"column":0},"end":{"line":198,"column":50}},"198":{"start":{"line":199,"column":0},"end":{"line":199,"column":39}},"199":{"start":{"line":200,"column":0},"end":{"line":200,"column":36}},"200":{"start":{"line":201,"column":0},"end":{"line":201,"column":5}},"201":{"start":{"line":202,"column":0},"end":{"line":202,"column":17}},"202":{"start":{"line":203,"column":0},"end":{"line":203,"column":3}},"203":{"start":{"line":204,"column":0},"end":{"line":204,"column":1}},"204":{"start":{"line":205,"column":0},"end":{"line":205,"column":0}},"205":{"start":{"line":206,"column":0},"end":{"line":206,"column":3}},"206":{"start":{"line":207,"column":0},"end":{"line":207,"column":55}},"207":{"start":{"line":208,"column":0},"end":{"line":208,"column":58}},"208":{"start":{"line":209,"column":0},"end":{"line":209,"column":43}},"209":{"start":{"line":210,"column":0},"end":{"line":210,"column":3}},"210":{"start":{"line":211,"column":0},"end":{"line":211,"column":32}},"211":{"start":{"line":212,"column":0},"end":{"line":212,"column":47}},"212":{"start":{"line":213,"column":0},"end":{"line":213,"column":10}},"213":{"start":{"line":214,"column":0},"end":{"line":214,"column":30}},"214":{"start":{"line":215,"column":0},"end":{"line":215,"column":30}},"215":{"start":{"line":216,"column":0},"end":{"line":216,"column":29}},"216":{"start":{"line":217,"column":0},"end":{"line":217,"column":12}},"217":{"start":{"line":218,"column":0},"end":{"line":218,"column":4}},"218":{"start":{"line":219,"column":0},"end":{"line":219,"column":1}},"219":{"start":{"line":220,"column":0},"end":{"line":220,"column":0}},"220":{"start":{"line":221,"column":0},"end":{"line":221,"column":3}},"221":{"start":{"line":222,"column":0},"end":{"line":222,"column":55}},"222":{"start":{"line":223,"column":0},"end":{"line":223,"column":58}},"223":{"start":{"line":224,"column":0},"end":{"line":224,"column":43}},"224":{"start":{"line":225,"column":0},"end":{"line":225,"column":3}},"225":{"start":{"line":226,"column":0},"end":{"line":226,"column":32}},"226":{"start":{"line":227,"column":0},"end":{"line":227,"column":35}},"227":{"start":{"line":228,"column":0},"end":{"line":228,"column":15}},"228":{"start":{"line":229,"column":0},"end":{"line":229,"column":21}},"229":{"start":{"line":230,"column":0},"end":{"line":230,"column":3}},"230":{"start":{"line":231,"column":0},"end":{"line":231,"column":0}},"231":{"start":{"line":232,"column":0},"end":{"line":232,"column":25}},"232":{"start":{"line":233,"column":0},"end":{"line":233,"column":32}},"233":{"start":{"line":234,"column":0},"end":{"line":234,"column":54}},"234":{"start":{"line":235,"column":0},"end":{"line":235,"column":3}},"235":{"start":{"line":236,"column":0},"end":{"line":236,"column":16}},"236":{"start":{"line":237,"column":0},"end":{"line":237,"column":1}},"237":{"start":{"line":238,"column":0},"end":{"line":238,"column":0}},"238":{"start":{"line":239,"column":0},"end":{"line":239,"column":3}},"239":{"start":{"line":240,"column":0},"end":{"line":240,"column":39}},"240":{"start":{"line":241,"column":0},"end":{"line":241,"column":40}},"241":{"start":{"line":242,"column":0},"end":{"line":242,"column":41}},"242":{"start":{"line":243,"column":0},"end":{"line":243,"column":69}},"243":{"start":{"line":244,"column":0},"end":{"line":244,"column":3}},"244":{"start":{"line":245,"column":0},"end":{"line":245,"column":28}},"245":{"start":{"line":246,"column":0},"end":{"line":246,"column":34}},"246":{"start":{"line":247,"column":0},"end":{"line":247,"column":34}},"247":{"start":{"line":248,"column":0},"end":{"line":248,"column":0}},"248":{"start":{"line":249,"column":0},"end":{"line":249,"column":28}},"249":{"start":{"line":250,"column":0},"end":{"line":250,"column":14}},"250":{"start":{"line":251,"column":0},"end":{"line":251,"column":3}},"251":{"start":{"line":252,"column":0},"end":{"line":252,"column":28}},"252":{"start":{"line":253,"column":0},"end":{"line":253,"column":13}},"253":{"start":{"line":254,"column":0},"end":{"line":254,"column":3}},"254":{"start":{"line":255,"column":0},"end":{"line":255,"column":0}},"255":{"start":{"line":256,"column":0},"end":{"line":256,"column":40}},"256":{"start":{"line":257,"column":0},"end":{"line":257,"column":40}},"257":{"start":{"line":258,"column":0},"end":{"line":258,"column":0}},"258":{"start":{"line":259,"column":0},"end":{"line":259,"column":16}},"259":{"start":{"line":260,"column":0},"end":{"line":260,"column":37}},"260":{"start":{"line":261,"column":0},"end":{"line":261,"column":37}},"261":{"start":{"line":262,"column":0},"end":{"line":262,"column":24}},"262":{"start":{"line":263,"column":0},"end":{"line":263,"column":25}},"263":{"start":{"line":264,"column":0},"end":{"line":264,"column":5}},"264":{"start":{"line":265,"column":0},"end":{"line":265,"column":49}},"265":{"start":{"line":266,"column":0},"end":{"line":266,"column":10}},"266":{"start":{"line":267,"column":0},"end":{"line":267,"column":37}},"267":{"start":{"line":268,"column":0},"end":{"line":268,"column":37}},"268":{"start":{"line":269,"column":0},"end":{"line":269,"column":24}},"269":{"start":{"line":270,"column":0},"end":{"line":270,"column":34}},"270":{"start":{"line":271,"column":0},"end":{"line":271,"column":5}},"271":{"start":{"line":272,"column":0},"end":{"line":272,"column":49}},"272":{"start":{"line":273,"column":0},"end":{"line":273,"column":3}},"273":{"start":{"line":274,"column":0},"end":{"line":274,"column":1}},"274":{"start":{"line":275,"column":0},"end":{"line":275,"column":0}},"275":{"start":{"line":276,"column":0},"end":{"line":276,"column":3}},"276":{"start":{"line":277,"column":0},"end":{"line":277,"column":69}},"277":{"start":{"line":278,"column":0},"end":{"line":278,"column":50}},"278":{"start":{"line":279,"column":0},"end":{"line":279,"column":51}},"279":{"start":{"line":280,"column":0},"end":{"line":280,"column":3}},"280":{"start":{"line":281,"column":0},"end":{"line":281,"column":27}},"281":{"start":{"line":282,"column":0},"end":{"line":282,"column":38}},"282":{"start":{"line":283,"column":0},"end":{"line":283,"column":1}},"283":{"start":{"line":284,"column":0},"end":{"line":284,"column":0}},"284":{"start":{"line":285,"column":0},"end":{"line":285,"column":3}},"285":{"start":{"line":286,"column":0},"end":{"line":286,"column":44}},"286":{"start":{"line":287,"column":0},"end":{"line":287,"column":50}},"287":{"start":{"line":288,"column":0},"end":{"line":288,"column":55}},"288":{"start":{"line":289,"column":0},"end":{"line":289,"column":3}},"289":{"start":{"line":290,"column":0},"end":{"line":290,"column":32}},"290":{"start":{"line":291,"column":0},"end":{"line":291,"column":27}},"291":{"start":{"line":292,"column":0},"end":{"line":292,"column":14}},"292":{"start":{"line":293,"column":0},"end":{"line":293,"column":3}},"293":{"start":{"line":294,"column":0},"end":{"line":294,"column":0}},"294":{"start":{"line":295,"column":0},"end":{"line":295,"column":7}},"295":{"start":{"line":296,"column":0},"end":{"line":296,"column":32}},"296":{"start":{"line":297,"column":0},"end":{"line":297,"column":18}},"297":{"start":{"line":298,"column":0},"end":{"line":298,"column":15}},"298":{"start":{"line":299,"column":0},"end":{"line":299,"column":43}},"299":{"start":{"line":300,"column":0},"end":{"line":300,"column":17}},"300":{"start":{"line":301,"column":0},"end":{"line":301,"column":3}},"301":{"start":{"line":302,"column":0},"end":{"line":302,"column":1}},"302":{"start":{"line":303,"column":0},"end":{"line":303,"column":0}},"303":{"start":{"line":304,"column":0},"end":{"line":304,"column":3}},"304":{"start":{"line":305,"column":0},"end":{"line":305,"column":40}},"305":{"start":{"line":306,"column":0},"end":{"line":306,"column":42}},"306":{"start":{"line":307,"column":0},"end":{"line":307,"column":40}},"307":{"start":{"line":308,"column":0},"end":{"line":308,"column":42}},"308":{"start":{"line":309,"column":0},"end":{"line":309,"column":3}},"309":{"start":{"line":310,"column":0},"end":{"line":310,"column":38}},"310":{"start":{"line":311,"column":0},"end":{"line":311,"column":39}},"311":{"start":{"line":312,"column":0},"end":{"line":312,"column":37}},"312":{"start":{"line":313,"column":0},"end":{"line":313,"column":42}},"313":{"start":{"line":314,"column":0},"end":{"line":314,"column":1}},"314":{"start":{"line":315,"column":0},"end":{"line":315,"column":0}},"315":{"start":{"line":316,"column":0},"end":{"line":316,"column":3}},"316":{"start":{"line":317,"column":0},"end":{"line":317,"column":28}},"317":{"start":{"line":318,"column":0},"end":{"line":318,"column":52}},"318":{"start":{"line":319,"column":0},"end":{"line":319,"column":18}},"319":{"start":{"line":320,"column":0},"end":{"line":320,"column":3}},"320":{"start":{"line":321,"column":0},"end":{"line":321,"column":32}},"321":{"start":{"line":322,"column":0},"end":{"line":322,"column":63}},"322":{"start":{"line":323,"column":0},"end":{"line":323,"column":61}},"323":{"start":{"line":324,"column":0},"end":{"line":324,"column":0}},"324":{"start":{"line":325,"column":0},"end":{"line":325,"column":30}},"325":{"start":{"line":326,"column":0},"end":{"line":326,"column":29}},"326":{"start":{"line":327,"column":0},"end":{"line":327,"column":0}},"327":{"start":{"line":328,"column":0},"end":{"line":328,"column":31}},"328":{"start":{"line":329,"column":0},"end":{"line":329,"column":41}},"329":{"start":{"line":330,"column":0},"end":{"line":330,"column":66}},"330":{"start":{"line":331,"column":0},"end":{"line":331,"column":0}},"331":{"start":{"line":332,"column":0},"end":{"line":332,"column":21}},"332":{"start":{"line":333,"column":0},"end":{"line":333,"column":39}},"333":{"start":{"line":334,"column":0},"end":{"line":334,"column":50}},"334":{"start":{"line":335,"column":0},"end":{"line":335,"column":42}},"335":{"start":{"line":336,"column":0},"end":{"line":336,"column":31}},"336":{"start":{"line":337,"column":0},"end":{"line":337,"column":37}},"337":{"start":{"line":338,"column":0},"end":{"line":338,"column":9}},"338":{"start":{"line":339,"column":0},"end":{"line":339,"column":30}},"339":{"start":{"line":340,"column":0},"end":{"line":340,"column":39}},"340":{"start":{"line":341,"column":0},"end":{"line":341,"column":50}},"341":{"start":{"line":342,"column":0},"end":{"line":342,"column":44}},"342":{"start":{"line":343,"column":0},"end":{"line":343,"column":31}},"343":{"start":{"line":344,"column":0},"end":{"line":344,"column":38}},"344":{"start":{"line":345,"column":0},"end":{"line":345,"column":9}},"345":{"start":{"line":346,"column":0},"end":{"line":346,"column":12}},"346":{"start":{"line":347,"column":0},"end":{"line":347,"column":39}},"347":{"start":{"line":348,"column":0},"end":{"line":348,"column":56}},"348":{"start":{"line":349,"column":0},"end":{"line":349,"column":42}},"349":{"start":{"line":350,"column":0},"end":{"line":350,"column":37}},"350":{"start":{"line":351,"column":0},"end":{"line":351,"column":44}},"351":{"start":{"line":352,"column":0},"end":{"line":352,"column":0}},"352":{"start":{"line":353,"column":0},"end":{"line":353,"column":55}},"353":{"start":{"line":354,"column":0},"end":{"line":354,"column":41}},"354":{"start":{"line":355,"column":0},"end":{"line":355,"column":36}},"355":{"start":{"line":356,"column":0},"end":{"line":356,"column":42}},"356":{"start":{"line":357,"column":0},"end":{"line":357,"column":9}},"357":{"start":{"line":358,"column":0},"end":{"line":358,"column":5}},"358":{"start":{"line":359,"column":0},"end":{"line":359,"column":5}},"359":{"start":{"line":360,"column":0},"end":{"line":360,"column":0}},"360":{"start":{"line":361,"column":0},"end":{"line":361,"column":65}},"361":{"start":{"line":362,"column":0},"end":{"line":362,"column":38}},"362":{"start":{"line":363,"column":0},"end":{"line":363,"column":1}},"363":{"start":{"line":364,"column":0},"end":{"line":364,"column":0}},"364":{"start":{"line":365,"column":0},"end":{"line":365,"column":3}},"365":{"start":{"line":366,"column":0},"end":{"line":366,"column":24}},"366":{"start":{"line":367,"column":0},"end":{"line":367,"column":18}},"367":{"start":{"line":368,"column":0},"end":{"line":368,"column":3}},"368":{"start":{"line":369,"column":0},"end":{"line":369,"column":22}},"369":{"start":{"line":370,"column":0},"end":{"line":370,"column":65}},"370":{"start":{"line":371,"column":0},"end":{"line":371,"column":22}},"371":{"start":{"line":372,"column":0},"end":{"line":372,"column":27}},"372":{"start":{"line":373,"column":0},"end":{"line":373,"column":3}},"373":{"start":{"line":374,"column":0},"end":{"line":374,"column":0}},"374":{"start":{"line":375,"column":0},"end":{"line":375,"column":46}},"375":{"start":{"line":376,"column":0},"end":{"line":376,"column":36}},"376":{"start":{"line":377,"column":0},"end":{"line":377,"column":31}},"377":{"start":{"line":378,"column":0},"end":{"line":378,"column":0}},"378":{"start":{"line":379,"column":0},"end":{"line":379,"column":21}},"379":{"start":{"line":380,"column":0},"end":{"line":380,"column":23}},"380":{"start":{"line":381,"column":0},"end":{"line":381,"column":33}},"381":{"start":{"line":382,"column":0},"end":{"line":382,"column":41}},"382":{"start":{"line":383,"column":0},"end":{"line":383,"column":10}},"383":{"start":{"line":384,"column":0},"end":{"line":384,"column":4}},"384":{"start":{"line":385,"column":0},"end":{"line":385,"column":0}},"385":{"start":{"line":386,"column":0},"end":{"line":386,"column":35}},"386":{"start":{"line":387,"column":0},"end":{"line":387,"column":1}},"387":{"start":{"line":388,"column":0},"end":{"line":388,"column":0}},"388":{"start":{"line":389,"column":0},"end":{"line":389,"column":3}},"389":{"start":{"line":390,"column":0},"end":{"line":390,"column":24}},"390":{"start":{"line":391,"column":0},"end":{"line":391,"column":18}},"391":{"start":{"line":392,"column":0},"end":{"line":392,"column":3}},"392":{"start":{"line":393,"column":0},"end":{"line":393,"column":22}},"393":{"start":{"line":394,"column":0},"end":{"line":394,"column":59}},"394":{"start":{"line":395,"column":0},"end":{"line":395,"column":14}},"395":{"start":{"line":396,"column":0},"end":{"line":396,"column":19}},"396":{"start":{"line":397,"column":0},"end":{"line":397,"column":3}},"397":{"start":{"line":398,"column":0},"end":{"line":398,"column":1}},"398":{"start":{"line":399,"column":0},"end":{"line":399,"column":0}},"399":{"start":{"line":400,"column":0},"end":{"line":400,"column":3}},"400":{"start":{"line":401,"column":0},"end":{"line":401,"column":28}},"401":{"start":{"line":402,"column":0},"end":{"line":402,"column":27}},"402":{"start":{"line":403,"column":0},"end":{"line":403,"column":3}},"403":{"start":{"line":404,"column":0},"end":{"line":404,"column":37}},"404":{"start":{"line":405,"column":0},"end":{"line":405,"column":64}},"405":{"start":{"line":406,"column":0},"end":{"line":406,"column":52}},"406":{"start":{"line":407,"column":0},"end":{"line":407,"column":53}},"407":{"start":{"line":408,"column":0},"end":{"line":408,"column":0}},"408":{"start":{"line":409,"column":0},"end":{"line":409,"column":28}},"409":{"start":{"line":410,"column":0},"end":{"line":410,"column":0}},"410":{"start":{"line":411,"column":0},"end":{"line":411,"column":40}},"411":{"start":{"line":412,"column":0},"end":{"line":412,"column":38}},"412":{"start":{"line":413,"column":0},"end":{"line":413,"column":0}},"413":{"start":{"line":414,"column":0},"end":{"line":414,"column":27}},"414":{"start":{"line":415,"column":0},"end":{"line":415,"column":74}},"415":{"start":{"line":416,"column":0},"end":{"line":416,"column":11}},"416":{"start":{"line":417,"column":0},"end":{"line":417,"column":3}},"417":{"start":{"line":418,"column":0},"end":{"line":418,"column":0}},"418":{"start":{"line":419,"column":0},"end":{"line":419,"column":66}},"419":{"start":{"line":420,"column":0},"end":{"line":420,"column":32}},"420":{"start":{"line":421,"column":0},"end":{"line":421,"column":128}},"421":{"start":{"line":422,"column":0},"end":{"line":422,"column":11}},"422":{"start":{"line":423,"column":0},"end":{"line":423,"column":3}},"423":{"start":{"line":424,"column":0},"end":{"line":424,"column":0}},"424":{"start":{"line":425,"column":0},"end":{"line":425,"column":31}},"425":{"start":{"line":426,"column":0},"end":{"line":426,"column":14}},"426":{"start":{"line":427,"column":0},"end":{"line":427,"column":0}},"427":{"start":{"line":428,"column":0},"end":{"line":428,"column":7}},"428":{"start":{"line":429,"column":0},"end":{"line":429,"column":36}},"429":{"start":{"line":430,"column":0},"end":{"line":430,"column":36}},"430":{"start":{"line":431,"column":0},"end":{"line":431,"column":0}},"431":{"start":{"line":432,"column":0},"end":{"line":432,"column":38}},"432":{"start":{"line":433,"column":0},"end":{"line":433,"column":0}},"433":{"start":{"line":434,"column":0},"end":{"line":434,"column":46}},"434":{"start":{"line":435,"column":0},"end":{"line":435,"column":45}},"435":{"start":{"line":436,"column":0},"end":{"line":436,"column":0}},"436":{"start":{"line":437,"column":0},"end":{"line":437,"column":55}},"437":{"start":{"line":438,"column":0},"end":{"line":438,"column":26}},"438":{"start":{"line":439,"column":0},"end":{"line":439,"column":0}},"439":{"start":{"line":440,"column":0},"end":{"line":440,"column":43}},"440":{"start":{"line":441,"column":0},"end":{"line":441,"column":29}},"441":{"start":{"line":442,"column":0},"end":{"line":442,"column":0}},"442":{"start":{"line":443,"column":0},"end":{"line":443,"column":47}},"443":{"start":{"line":444,"column":0},"end":{"line":444,"column":25}},"444":{"start":{"line":445,"column":0},"end":{"line":445,"column":61}},"445":{"start":{"line":446,"column":0},"end":{"line":446,"column":0}},"446":{"start":{"line":447,"column":0},"end":{"line":447,"column":71}},"447":{"start":{"line":448,"column":0},"end":{"line":448,"column":15}},"448":{"start":{"line":449,"column":0},"end":{"line":449,"column":68}},"449":{"start":{"line":450,"column":0},"end":{"line":450,"column":13}},"450":{"start":{"line":451,"column":0},"end":{"line":451,"column":16}},"451":{"start":{"line":452,"column":0},"end":{"line":452,"column":3}},"452":{"start":{"line":453,"column":0},"end":{"line":453,"column":1}},"453":{"start":{"line":454,"column":0},"end":{"line":454,"column":0}},"454":{"start":{"line":455,"column":0},"end":{"line":455,"column":3}},"455":{"start":{"line":456,"column":0},"end":{"line":456,"column":28}},"456":{"start":{"line":457,"column":0},"end":{"line":457,"column":27}},"457":{"start":{"line":458,"column":0},"end":{"line":458,"column":3}},"458":{"start":{"line":459,"column":0},"end":{"line":459,"column":30}},"459":{"start":{"line":460,"column":0},"end":{"line":460,"column":59}},"460":{"start":{"line":461,"column":0},"end":{"line":461,"column":30}},"461":{"start":{"line":462,"column":0},"end":{"line":462,"column":53}},"462":{"start":{"line":463,"column":0},"end":{"line":463,"column":0}},"463":{"start":{"line":464,"column":0},"end":{"line":464,"column":14}},"464":{"start":{"line":465,"column":0},"end":{"line":465,"column":11}},"465":{"start":{"line":466,"column":0},"end":{"line":466,"column":3}},"466":{"start":{"line":467,"column":0},"end":{"line":467,"column":0}},"467":{"start":{"line":468,"column":0},"end":{"line":468,"column":7}},"468":{"start":{"line":469,"column":0},"end":{"line":469,"column":46}},"469":{"start":{"line":470,"column":0},"end":{"line":470,"column":0}},"470":{"start":{"line":471,"column":0},"end":{"line":471,"column":45}},"471":{"start":{"line":472,"column":0},"end":{"line":472,"column":36}},"472":{"start":{"line":473,"column":0},"end":{"line":473,"column":22}},"473":{"start":{"line":474,"column":0},"end":{"line":474,"column":41}},"474":{"start":{"line":475,"column":0},"end":{"line":475,"column":13}},"475":{"start":{"line":476,"column":0},"end":{"line":476,"column":17}},"476":{"start":{"line":477,"column":0},"end":{"line":477,"column":60}},"477":{"start":{"line":478,"column":0},"end":{"line":478,"column":30}},"478":{"start":{"line":479,"column":0},"end":{"line":479,"column":42}},"479":{"start":{"line":480,"column":0},"end":{"line":480,"column":37}},"480":{"start":{"line":481,"column":0},"end":{"line":481,"column":44}},"481":{"start":{"line":482,"column":0},"end":{"line":482,"column":26}},"482":{"start":{"line":483,"column":0},"end":{"line":483,"column":33}},"483":{"start":{"line":484,"column":0},"end":{"line":484,"column":44}},"484":{"start":{"line":485,"column":0},"end":{"line":485,"column":0}},"485":{"start":{"line":486,"column":0},"end":{"line":486,"column":45}},"486":{"start":{"line":487,"column":0},"end":{"line":487,"column":36}},"487":{"start":{"line":488,"column":0},"end":{"line":488,"column":22}},"488":{"start":{"line":489,"column":0},"end":{"line":489,"column":41}},"489":{"start":{"line":490,"column":0},"end":{"line":490,"column":13}},"490":{"start":{"line":491,"column":0},"end":{"line":491,"column":3}},"491":{"start":{"line":492,"column":0},"end":{"line":492,"column":1}},"492":{"start":{"line":493,"column":0},"end":{"line":493,"column":0}},"493":{"start":{"line":494,"column":0},"end":{"line":494,"column":3}},"494":{"start":{"line":495,"column":0},"end":{"line":495,"column":29}},"495":{"start":{"line":496,"column":0},"end":{"line":496,"column":18}},"496":{"start":{"line":497,"column":0},"end":{"line":497,"column":3}},"497":{"start":{"line":498,"column":0},"end":{"line":498,"column":17}},"498":{"start":{"line":499,"column":0},"end":{"line":499,"column":59}},"499":{"start":{"line":500,"column":0},"end":{"line":500,"column":0}},"500":{"start":{"line":501,"column":0},"end":{"line":501,"column":47}},"501":{"start":{"line":502,"column":0},"end":{"line":502,"column":56}},"502":{"start":{"line":503,"column":0},"end":{"line":503,"column":25}},"503":{"start":{"line":504,"column":0},"end":{"line":504,"column":27}},"504":{"start":{"line":505,"column":0},"end":{"line":505,"column":5}},"505":{"start":{"line":506,"column":0},"end":{"line":506,"column":5}},"506":{"start":{"line":507,"column":0},"end":{"line":507,"column":1}},"507":{"start":{"line":508,"column":0},"end":{"line":508,"column":0}},"508":{"start":{"line":509,"column":0},"end":{"line":509,"column":52}},"509":{"start":{"line":510,"column":0},"end":{"line":510,"column":0}},"510":{"start":{"line":511,"column":0},"end":{"line":511,"column":47}},"511":{"start":{"line":512,"column":0},"end":{"line":512,"column":33}},"512":{"start":{"line":513,"column":0},"end":{"line":513,"column":0}},"513":{"start":{"line":514,"column":0},"end":{"line":514,"column":8}},"514":{"start":{"line":515,"column":0},"end":{"line":515,"column":13}},"515":{"start":{"line":516,"column":0},"end":{"line":516,"column":13}},"516":{"start":{"line":517,"column":0},"end":{"line":517,"column":18}},"517":{"start":{"line":518,"column":0},"end":{"line":518,"column":13}},"518":{"start":{"line":519,"column":0},"end":{"line":519,"column":14}},"519":{"start":{"line":520,"column":0},"end":{"line":520,"column":14}},"520":{"start":{"line":521,"column":0},"end":{"line":521,"column":14}},"521":{"start":{"line":522,"column":0},"end":{"line":522,"column":12}},"522":{"start":{"line":523,"column":0},"end":{"line":523,"column":15}},"523":{"start":{"line":524,"column":0},"end":{"line":524,"column":15}},"524":{"start":{"line":525,"column":0},"end":{"line":525,"column":14}},"525":{"start":{"line":526,"column":0},"end":{"line":526,"column":12}},"526":{"start":{"line":527,"column":0},"end":{"line":527,"column":17}},"527":{"start":{"line":528,"column":0},"end":{"line":528,"column":15}},"528":{"start":{"line":529,"column":0},"end":{"line":529,"column":13}},"529":{"start":{"line":530,"column":0},"end":{"line":530,"column":12}},"530":{"start":{"line":531,"column":0},"end":{"line":531,"column":12}},"531":{"start":{"line":532,"column":0},"end":{"line":532,"column":21}},"532":{"start":{"line":533,"column":0},"end":{"line":533,"column":14}},"533":{"start":{"line":534,"column":0},"end":{"line":534,"column":7}},"534":{"start":{"line":535,"column":0},"end":{"line":535,"column":2}}},"s":{"0":1,"1":1,"2":1,"3":1,"4":1,"5":1,"6":1,"7":1,"8":1,"9":1,"10":1,"11":1,"12":1,"13":1,"14":1,"15":1,"16":1,"17":1,"18":1,"19":1,"20":41,"21":41,"22":3,"23":3,"24":38,"25":38,"26":38,"27":41,"28":26,"29":26,"30":40,"31":101,"32":101,"33":24,"34":24,"35":1,"36":1,"37":1,"38":1,"39":1,"40":1,"41":19,"42":19,"43":2,"44":2,"45":17,"46":17,"47":17,"48":17,"49":19,"50":0,"51":0,"52":19,"53":1,"54":1,"55":1,"56":1,"57":1,"58":1,"59":58,"60":58,"61":31,"62":31,"63":27,"64":58,"65":19,"66":19,"67":8,"68":9,"69":7,"70":7,"71":1,"72":1,"73":1,"74":1,"75":1,"76":1,"77":1,"78":1,"79":1,"80":19,"81":19,"82":2,"83":2,"84":17,"85":17,"86":17,"87":17,"88":17,"89":17,"90":17,"91":17,"92":1,"93":1,"94":1,"95":1,"96":1,"97":1,"98":10,"99":10,"100":1,"101":1,"102":9,"103":9,"104":9,"105":2,"106":2,"107":7,"108":7,"109":7,"110":10,"111":1,"112":1,"113":6,"114":6,"115":6,"116":10,"117":10,"118":1,"119":1,"120":1,"121":1,"122":1,"123":1,"124":1,"125":20,"126":20,"127":20,"128":20,"129":20,"130":4,"131":4,"132":16,"133":16,"134":16,"135":20,"136":58,"137":3,"138":3,"139":58,"140":13,"141":20,"142":20,"143":1,"144":1,"145":1,"146":1,"147":1,"148":1,"149":1,"150":21,"151":21,"152":21,"153":21,"154":2,"155":2,"156":21,"157":21,"158":0,"159":0,"160":21,"161":1,"162":1,"163":1,"164":1,"165":1,"166":1,"167":55,"168":55,"169":55,"170":55,"171":48,"172":48,"173":47,"174":48,"175":48,"176":48,"177":48,"178":48,"179":48,"180":47,"181":47,"182":47,"183":48,"184":376,"185":376,"186":376,"187":376,"188":376,"189":47,"190":55,"191":7,"192":7,"193":3,"194":3,"195":7,"196":24,"197":24,"198":24,"199":24,"200":24,"201":3,"202":3,"203":55,"204":1,"205":1,"206":1,"207":1,"208":1,"209":1,"210":27,"211":27,"212":27,"213":27,"214":27,"215":27,"216":27,"217":27,"218":27,"219":1,"220":1,"221":1,"222":1,"223":1,"224":1,"225":16,"226":16,"227":16,"228":0,"229":0,"230":16,"231":16,"232":16,"233":256,"234":256,"235":16,"236":16,"237":1,"238":1,"239":1,"240":1,"241":1,"242":1,"243":1,"244":25,"245":25,"246":25,"247":25,"248":25,"249":6,"250":6,"251":25,"252":2,"253":2,"254":17,"255":17,"256":17,"257":17,"258":25,"259":11,"260":11,"261":11,"262":10,"263":10,"264":1,"265":25,"266":6,"267":6,"268":6,"269":5,"270":5,"271":1,"272":1,"273":25,"274":1,"275":1,"276":1,"277":1,"278":1,"279":1,"280":5,"281":5,"282":5,"283":1,"284":1,"285":1,"286":1,"287":1,"288":1,"289":9,"290":9,"291":1,"292":1,"293":8,"294":8,"295":8,"296":8,"297":9,"298":0,"299":0,"300":0,"301":9,"302":1,"303":1,"304":1,"305":1,"306":1,"307":1,"308":1,"309":10,"310":10,"311":10,"312":10,"313":10,"314":1,"315":1,"316":1,"317":1,"318":1,"319":1,"320":7,"321":7,"322":7,"323":7,"324":7,"325":7,"326":7,"327":7,"328":13,"329":13,"330":13,"331":13,"332":2,"333":2,"334":2,"335":2,"336":2,"337":2,"338":13,"339":3,"340":3,"341":3,"342":3,"343":3,"344":3,"345":11,"346":8,"347":8,"348":8,"349":8,"350":8,"351":8,"352":8,"353":8,"354":8,"355":8,"356":8,"357":8,"358":7,"359":7,"360":7,"361":7,"362":7,"363":1,"364":1,"365":1,"366":1,"367":1,"368":5,"369":5,"370":5,"371":1,"372":1,"373":5,"374":5,"375":5,"376":5,"377":5,"378":5,"379":5,"380":5,"381":5,"382":5,"383":5,"384":5,"385":5,"386":5,"387":1,"388":1,"389":1,"390":1,"391":1,"392":3,"393":3,"394":3,"395":2,"396":2,"397":3,"398":1,"399":1,"400":1,"401":1,"402":1,"403":2,"404":2,"405":2,"406":2,"407":2,"408":2,"409":2,"410":2,"411":2,"412":2,"413":2,"414":0,"415":0,"416":0,"417":2,"418":2,"419":2,"420":1,"421":1,"422":1,"423":1,"424":1,"425":1,"426":1,"427":1,"428":1,"429":1,"430":1,"431":1,"432":1,"433":1,"434":1,"435":1,"436":1,"437":1,"438":1,"439":1,"440":1,"441":1,"442":1,"443":1,"444":1,"445":1,"446":1,"447":2,"448":0,"449":2,"450":1,"451":1,"452":2,"453":1,"454":1,"455":1,"456":1,"457":1,"458":0,"459":0,"460":0,"461":0,"462":0,"463":0,"464":0,"465":0,"466":0,"467":0,"468":0,"469":0,"470":0,"471":0,"472":0,"473":0,"474":0,"475":0,"476":0,"477":0,"478":0,"479":0,"480":0,"481":0,"482":0,"483":0,"484":0,"485":0,"486":0,"487":0,"488":0,"489":0,"490":0,"491":0,"492":1,"493":1,"494":1,"495":1,"496":1,"497":1,"498":1,"499":1,"500":1,"501":0,"502":0,"503":0,"504":0,"505":1,"506":1,"507":1,"508":1,"509":1,"510":1,"511":1,"512":1,"513":1,"514":1,"515":1,"516":1,"517":1,"518":1,"519":1,"520":1,"521":1,"522":1,"523":1,"524":1,"525":1,"526":1,"527":1,"528":1,"529":1,"530":1,"531":1,"532":1,"533":1,"534":1},"branchMap":{"0":{"type":"branch","line":21,"loc":{"start":{"line":21,"column":0},"end":{"line":35,"column":1}},"locations":[{"start":{"line":21,"column":0},"end":{"line":35,"column":1}}]},"1":{"type":"branch","line":22,"loc":{"start":{"line":22,"column":26},"end":{"line":24,"column":3}},"locations":[{"start":{"line":22,"column":26},"end":{"line":24,"column":3}}]},"2":{"type":"branch","line":24,"loc":{"start":{"line":24,"column":2},"end":{"line":28,"column":14}},"locations":[{"start":{"line":24,"column":2},"end":{"line":28,"column":14}}]},"3":{"type":"branch","line":28,"loc":{"start":{"line":28,"column":14},"end":{"line":28,"column":27}},"locations":[{"start":{"line":28,"column":14},"end":{"line":28,"column":27}}]},"4":{"type":"branch","line":28,"loc":{"start":{"line":28,"column":26},"end":{"line":35,"column":1}},"locations":[{"start":{"line":28,"column":26},"end":{"line":35,"column":1}}]},"5":{"type":"branch","line":28,"loc":{"start":{"line":28,"column":26},"end":{"line":31,"column":30}},"locations":[{"start":{"line":28,"column":26},"end":{"line":31,"column":30}}]},"6":{"type":"branch","line":31,"loc":{"start":{"line":31,"column":30},"end":{"line":33,"column":3}},"locations":[{"start":{"line":31,"column":30},"end":{"line":33,"column":3}}]},"7":{"type":"branch","line":32,"loc":{"start":{"line":32,"column":34},"end":{"line":32,"column":47}},"locations":[{"start":{"line":32,"column":34},"end":{"line":32,"column":47}}]},"8":{"type":"branch","line":33,"loc":{"start":{"line":33,"column":2},"end":{"line":35,"column":1}},"locations":[{"start":{"line":33,"column":2},"end":{"line":35,"column":1}}]},"9":{"type":"branch","line":42,"loc":{"start":{"line":42,"column":0},"end":{"line":53,"column":1}},"locations":[{"start":{"line":42,"column":0},"end":{"line":53,"column":1}}]},"10":{"type":"branch","line":43,"loc":{"start":{"line":43,"column":26},"end":{"line":45,"column":3}},"locations":[{"start":{"line":43,"column":26},"end":{"line":45,"column":3}}]},"11":{"type":"branch","line":45,"loc":{"start":{"line":45,"column":2},"end":{"line":50,"column":4}},"locations":[{"start":{"line":45,"column":2},"end":{"line":50,"column":4}}]},"12":{"type":"branch","line":50,"loc":{"start":{"line":50,"column":4},"end":{"line":52,"column":3}},"locations":[{"start":{"line":50,"column":4},"end":{"line":52,"column":3}}]},"13":{"type":"branch","line":60,"loc":{"start":{"line":60,"column":0},"end":{"line":74,"column":1}},"locations":[{"start":{"line":60,"column":0},"end":{"line":74,"column":1}}]},"14":{"type":"branch","line":61,"loc":{"start":{"line":61,"column":26},"end":{"line":65,"column":24}},"locations":[{"start":{"line":61,"column":26},"end":{"line":65,"column":24}}]},"15":{"type":"branch","line":61,"loc":{"start":{"line":61,"column":26},"end":{"line":63,"column":3}},"locations":[{"start":{"line":61,"column":26},"end":{"line":63,"column":3}}]},"16":{"type":"branch","line":63,"loc":{"start":{"line":63,"column":2},"end":{"line":65,"column":24}},"locations":[{"start":{"line":63,"column":2},"end":{"line":65,"column":24}}]},"17":{"type":"branch","line":65,"loc":{"start":{"line":65,"column":24},"end":{"line":74,"column":1}},"locations":[{"start":{"line":65,"column":24},"end":{"line":74,"column":1}}]},"18":{"type":"branch","line":65,"loc":{"start":{"line":65,"column":24},"end":{"line":67,"column":3}},"locations":[{"start":{"line":65,"column":24},"end":{"line":67,"column":3}}]},"19":{"type":"branch","line":67,"loc":{"start":{"line":67,"column":2},"end":{"line":71,"column":3}},"locations":[{"start":{"line":67,"column":2},"end":{"line":71,"column":3}}]},"20":{"type":"branch","line":67,"loc":{"start":{"line":67,"column":2},"end":{"line":69,"column":24}},"locations":[{"start":{"line":67,"column":2},"end":{"line":69,"column":24}}]},"21":{"type":"branch","line":69,"loc":{"start":{"line":69,"column":24},"end":{"line":71,"column":3}},"locations":[{"start":{"line":69,"column":24},"end":{"line":71,"column":3}}]},"22":{"type":"branch","line":71,"loc":{"start":{"line":71,"column":2},"end":{"line":74,"column":1}},"locations":[{"start":{"line":71,"column":2},"end":{"line":74,"column":1}}]},"23":{"type":"branch","line":81,"loc":{"start":{"line":81,"column":0},"end":{"line":92,"column":1}},"locations":[{"start":{"line":81,"column":0},"end":{"line":92,"column":1}}]},"24":{"type":"branch","line":82,"loc":{"start":{"line":82,"column":13},"end":{"line":82,"column":35}},"locations":[{"start":{"line":82,"column":13},"end":{"line":82,"column":35}}]},"25":{"type":"branch","line":82,"loc":{"start":{"line":82,"column":37},"end":{"line":84,"column":3}},"locations":[{"start":{"line":82,"column":37},"end":{"line":84,"column":3}}]},"26":{"type":"branch","line":84,"loc":{"start":{"line":84,"column":2},"end":{"line":92,"column":1}},"locations":[{"start":{"line":84,"column":2},"end":{"line":92,"column":1}}]},"27":{"type":"branch","line":89,"loc":{"start":{"line":89,"column":9},"end":{"line":89,"column":24}},"locations":[{"start":{"line":89,"column":9},"end":{"line":89,"column":24}}]},"28":{"type":"branch","line":90,"loc":{"start":{"line":90,"column":12},"end":{"line":90,"column":31}},"locations":[{"start":{"line":90,"column":12},"end":{"line":90,"column":31}}]},"29":{"type":"branch","line":99,"loc":{"start":{"line":99,"column":0},"end":{"line":118,"column":1}},"locations":[{"start":{"line":99,"column":0},"end":{"line":118,"column":1}}]},"30":{"type":"branch","line":100,"loc":{"start":{"line":100,"column":12},"end":{"line":100,"column":39}},"locations":[{"start":{"line":100,"column":12},"end":{"line":100,"column":39}}]},"31":{"type":"branch","line":100,"loc":{"start":{"line":100,"column":41},"end":{"line":102,"column":3}},"locations":[{"start":{"line":100,"column":41},"end":{"line":102,"column":3}}]},"32":{"type":"branch","line":102,"loc":{"start":{"line":102,"column":2},"end":{"line":111,"column":46}},"locations":[{"start":{"line":102,"column":2},"end":{"line":111,"column":46}}]},"33":{"type":"branch","line":105,"loc":{"start":{"line":105,"column":26},"end":{"line":107,"column":3}},"locations":[{"start":{"line":105,"column":26},"end":{"line":107,"column":3}}]},"34":{"type":"branch","line":107,"loc":{"start":{"line":107,"column":2},"end":{"line":111,"column":46}},"locations":[{"start":{"line":107,"column":2},"end":{"line":111,"column":46}}]},"35":{"type":"branch","line":111,"loc":{"start":{"line":111,"column":48},"end":{"line":113,"column":3}},"locations":[{"start":{"line":111,"column":48},"end":{"line":113,"column":3}}]},"36":{"type":"branch","line":113,"loc":{"start":{"line":113,"column":2},"end":{"line":117,"column":41}},"locations":[{"start":{"line":113,"column":2},"end":{"line":117,"column":41}}]},"37":{"type":"branch","line":117,"loc":{"start":{"line":117,"column":41},"end":{"line":117,"column":75}},"locations":[{"start":{"line":117,"column":41},"end":{"line":117,"column":75}}]},"38":{"type":"branch","line":126,"loc":{"start":{"line":126,"column":0},"end":{"line":143,"column":1}},"locations":[{"start":{"line":126,"column":0},"end":{"line":143,"column":1}}]},"39":{"type":"branch","line":130,"loc":{"start":{"line":130,"column":14},"end":{"line":132,"column":3}},"locations":[{"start":{"line":130,"column":14},"end":{"line":132,"column":3}}]},"40":{"type":"branch","line":132,"loc":{"start":{"line":132,"column":2},"end":{"line":136,"column":30}},"locations":[{"start":{"line":132,"column":2},"end":{"line":136,"column":30}}]},"41":{"type":"branch","line":136,"loc":{"start":{"line":136,"column":30},"end":{"line":140,"column":3}},"locations":[{"start":{"line":136,"column":30},"end":{"line":140,"column":3}}]},"42":{"type":"branch","line":137,"loc":{"start":{"line":137,"column":34},"end":{"line":139,"column":5}},"locations":[{"start":{"line":137,"column":34},"end":{"line":139,"column":5}}]},"43":{"type":"branch","line":140,"loc":{"start":{"line":140,"column":2},"end":{"line":142,"column":21}},"locations":[{"start":{"line":140,"column":2},"end":{"line":142,"column":21}}]},"44":{"type":"branch","line":142,"loc":{"start":{"line":142,"column":21},"end":{"line":142,"column":36}},"locations":[{"start":{"line":142,"column":21},"end":{"line":142,"column":36}}]},"45":{"type":"branch","line":151,"loc":{"start":{"line":151,"column":0},"end":{"line":161,"column":1}},"locations":[{"start":{"line":151,"column":0},"end":{"line":161,"column":1}}]},"46":{"type":"branch","line":154,"loc":{"start":{"line":154,"column":16},"end":{"line":156,"column":5}},"locations":[{"start":{"line":154,"column":16},"end":{"line":156,"column":5}}]},"47":{"type":"branch","line":156,"loc":{"start":{"line":156,"column":4},"end":{"line":157,"column":39}},"locations":[{"start":{"line":156,"column":4},"end":{"line":157,"column":39}}]},"48":{"type":"branch","line":156,"loc":{"start":{"line":156,"column":4},"end":{"line":157,"column":23}},"locations":[{"start":{"line":156,"column":4},"end":{"line":157,"column":23}}]},"49":{"type":"branch","line":157,"loc":{"start":{"line":157,"column":23},"end":{"line":157,"column":39}},"locations":[{"start":{"line":157,"column":23},"end":{"line":157,"column":39}}]},"50":{"type":"branch","line":158,"loc":{"start":{"line":158,"column":4},"end":{"line":160,"column":3}},"locations":[{"start":{"line":158,"column":4},"end":{"line":160,"column":3}}]},"51":{"type":"branch","line":168,"loc":{"start":{"line":168,"column":0},"end":{"line":204,"column":1}},"locations":[{"start":{"line":168,"column":0},"end":{"line":204,"column":1}}]},"52":{"type":"branch","line":171,"loc":{"start":{"line":171,"column":27},"end":{"line":191,"column":3}},"locations":[{"start":{"line":171,"column":27},"end":{"line":191,"column":3}}]},"53":{"type":"branch","line":173,"loc":{"start":{"line":173,"column":26},"end":{"line":173,"column":38}},"locations":[{"start":{"line":173,"column":26},"end":{"line":173,"column":38}}]},"54":{"type":"branch","line":173,"loc":{"start":{"line":173,"column":37},"end":{"line":175,"column":26}},"locations":[{"start":{"line":173,"column":37},"end":{"line":175,"column":26}}]},"55":{"type":"branch","line":175,"loc":{"start":{"line":175,"column":26},"end":{"line":175,"column":47}},"locations":[{"start":{"line":175,"column":26},"end":{"line":175,"column":47}}]},"56":{"type":"branch","line":175,"loc":{"start":{"line":175,"column":48},"end":{"line":175,"column":52}},"locations":[{"start":{"line":175,"column":48},"end":{"line":175,"column":52}}]},"57":{"type":"branch","line":176,"loc":{"start":{"line":176,"column":27},"end":{"line":176,"column":48}},"locations":[{"start":{"line":176,"column":27},"end":{"line":176,"column":48}}]},"58":{"type":"branch","line":176,"loc":{"start":{"line":176,"column":49},"end":{"line":176,"column":53}},"locations":[{"start":{"line":176,"column":49},"end":{"line":176,"column":53}}]},"59":{"type":"branch","line":180,"loc":{"start":{"line":180,"column":38},"end":{"line":180,"column":55}},"locations":[{"start":{"line":180,"column":38},"end":{"line":180,"column":55}}]},"60":{"type":"branch","line":180,"loc":{"start":{"line":180,"column":54},"end":{"line":184,"column":32}},"locations":[{"start":{"line":180,"column":54},"end":{"line":184,"column":32}}]},"61":{"type":"branch","line":184,"loc":{"start":{"line":184,"column":32},"end":{"line":189,"column":5}},"locations":[{"start":{"line":184,"column":32},"end":{"line":189,"column":5}}]},"62":{"type":"branch","line":185,"loc":{"start":{"line":185,"column":37},"end":{"line":185,"column":43}},"locations":[{"start":{"line":185,"column":37},"end":{"line":185,"column":43}}]},"63":{"type":"branch","line":186,"loc":{"start":{"line":186,"column":38},"end":{"line":186,"column":50}},"locations":[{"start":{"line":186,"column":38},"end":{"line":186,"column":50}}]},"64":{"type":"branch","line":189,"loc":{"start":{"line":189,"column":4},"end":{"line":191,"column":3}},"locations":[{"start":{"line":189,"column":4},"end":{"line":191,"column":3}}]},"65":{"type":"branch","line":191,"loc":{"start":{"line":191,"column":3},"end":{"line":203,"column":3}},"locations":[{"start":{"line":191,"column":3},"end":{"line":203,"column":3}}]},"66":{"type":"branch","line":193,"loc":{"start":{"line":193,"column":29},"end":{"line":196,"column":32}},"locations":[{"start":{"line":193,"column":29},"end":{"line":196,"column":32}}]},"67":{"type":"branch","line":193,"loc":{"start":{"line":193,"column":29},"end":{"line":193,"column":41}},"locations":[{"start":{"line":193,"column":29},"end":{"line":193,"column":41}}]},"68":{"type":"branch","line":193,"loc":{"start":{"line":193,"column":40},"end":{"line":196,"column":32}},"locations":[{"start":{"line":193,"column":40},"end":{"line":196,"column":32}}]},"69":{"type":"branch","line":196,"loc":{"start":{"line":196,"column":32},"end":{"line":203,"column":3}},"locations":[{"start":{"line":196,"column":32},"end":{"line":203,"column":3}}]},"70":{"type":"branch","line":196,"loc":{"start":{"line":196,"column":32},"end":{"line":201,"column":5}},"locations":[{"start":{"line":196,"column":32},"end":{"line":201,"column":5}}]},"71":{"type":"branch","line":198,"loc":{"start":{"line":198,"column":38},"end":{"line":198,"column":50}},"locations":[{"start":{"line":198,"column":38},"end":{"line":198,"column":50}}]},"72":{"type":"branch","line":201,"loc":{"start":{"line":201,"column":4},"end":{"line":203,"column":3}},"locations":[{"start":{"line":201,"column":4},"end":{"line":203,"column":3}}]},"73":{"type":"branch","line":211,"loc":{"start":{"line":211,"column":0},"end":{"line":219,"column":1}},"locations":[{"start":{"line":211,"column":0},"end":{"line":219,"column":1}}]},"74":{"type":"branch","line":226,"loc":{"start":{"line":226,"column":0},"end":{"line":237,"column":1}},"locations":[{"start":{"line":226,"column":0},"end":{"line":237,"column":1}}]},"75":{"type":"branch","line":228,"loc":{"start":{"line":228,"column":14},"end":{"line":230,"column":3}},"locations":[{"start":{"line":228,"column":14},"end":{"line":230,"column":3}}]},"76":{"type":"branch","line":233,"loc":{"start":{"line":233,"column":31},"end":{"line":235,"column":3}},"locations":[{"start":{"line":233,"column":31},"end":{"line":235,"column":3}}]},"77":{"type":"branch","line":245,"loc":{"start":{"line":245,"column":0},"end":{"line":274,"column":1}},"locations":[{"start":{"line":245,"column":0},"end":{"line":274,"column":1}}]},"78":{"type":"branch","line":249,"loc":{"start":{"line":249,"column":14},"end":{"line":249,"column":25}},"locations":[{"start":{"line":249,"column":14},"end":{"line":249,"column":25}}]},"79":{"type":"branch","line":249,"loc":{"start":{"line":249,"column":27},"end":{"line":251,"column":3}},"locations":[{"start":{"line":249,"column":27},"end":{"line":251,"column":3}}]},"80":{"type":"branch","line":251,"loc":{"start":{"line":251,"column":2},"end":{"line":252,"column":15}},"locations":[{"start":{"line":251,"column":2},"end":{"line":252,"column":15}}]},"81":{"type":"branch","line":252,"loc":{"start":{"line":252,"column":15},"end":{"line":252,"column":25}},"locations":[{"start":{"line":252,"column":15},"end":{"line":252,"column":25}}]},"82":{"type":"branch","line":252,"loc":{"start":{"line":252,"column":27},"end":{"line":254,"column":3}},"locations":[{"start":{"line":252,"column":27},"end":{"line":254,"column":3}}]},"83":{"type":"branch","line":254,"loc":{"start":{"line":254,"column":2},"end":{"line":259,"column":15}},"locations":[{"start":{"line":254,"column":2},"end":{"line":259,"column":15}}]},"84":{"type":"branch","line":259,"loc":{"start":{"line":259,"column":15},"end":{"line":266,"column":3}},"locations":[{"start":{"line":259,"column":15},"end":{"line":266,"column":3}}]},"85":{"type":"branch","line":262,"loc":{"start":{"line":262,"column":23},"end":{"line":264,"column":5}},"locations":[{"start":{"line":262,"column":23},"end":{"line":264,"column":5}}]},"86":{"type":"branch","line":264,"loc":{"start":{"line":264,"column":4},"end":{"line":266,"column":3}},"locations":[{"start":{"line":264,"column":4},"end":{"line":266,"column":3}}]},"87":{"type":"branch","line":266,"loc":{"start":{"line":266,"column":3},"end":{"line":273,"column":3}},"locations":[{"start":{"line":266,"column":3},"end":{"line":273,"column":3}}]},"88":{"type":"branch","line":269,"loc":{"start":{"line":269,"column":23},"end":{"line":271,"column":5}},"locations":[{"start":{"line":269,"column":23},"end":{"line":271,"column":5}}]},"89":{"type":"branch","line":270,"loc":{"start":{"line":270,"column":25},"end":{"line":270,"column":29}},"locations":[{"start":{"line":270,"column":25},"end":{"line":270,"column":29}}]},"90":{"type":"branch","line":270,"loc":{"start":{"line":270,"column":30},"end":{"line":270,"column":33}},"locations":[{"start":{"line":270,"column":30},"end":{"line":270,"column":33}}]},"91":{"type":"branch","line":271,"loc":{"start":{"line":271,"column":4},"end":{"line":273,"column":3}},"locations":[{"start":{"line":271,"column":4},"end":{"line":273,"column":3}}]},"92":{"type":"branch","line":281,"loc":{"start":{"line":281,"column":0},"end":{"line":283,"column":1}},"locations":[{"start":{"line":281,"column":0},"end":{"line":283,"column":1}}]},"93":{"type":"branch","line":290,"loc":{"start":{"line":290,"column":0},"end":{"line":302,"column":1}},"locations":[{"start":{"line":290,"column":0},"end":{"line":302,"column":1}}]},"94":{"type":"branch","line":291,"loc":{"start":{"line":291,"column":26},"end":{"line":293,"column":3}},"locations":[{"start":{"line":291,"column":26},"end":{"line":293,"column":3}}]},"95":{"type":"branch","line":293,"loc":{"start":{"line":293,"column":2},"end":{"line":298,"column":4}},"locations":[{"start":{"line":293,"column":2},"end":{"line":298,"column":4}}]},"96":{"type":"branch","line":298,"loc":{"start":{"line":298,"column":4},"end":{"line":301,"column":3}},"locations":[{"start":{"line":298,"column":4},"end":{"line":301,"column":3}}]},"97":{"type":"branch","line":310,"loc":{"start":{"line":310,"column":0},"end":{"line":314,"column":1}},"locations":[{"start":{"line":310,"column":0},"end":{"line":314,"column":1}}]},"98":{"type":"branch","line":321,"loc":{"start":{"line":321,"column":0},"end":{"line":363,"column":1}},"locations":[{"start":{"line":321,"column":0},"end":{"line":363,"column":1}}]},"99":{"type":"branch","line":328,"loc":{"start":{"line":328,"column":20},"end":{"line":359,"column":3}},"locations":[{"start":{"line":328,"column":20},"end":{"line":359,"column":3}}]},"100":{"type":"branch","line":332,"loc":{"start":{"line":332,"column":20},"end":{"line":339,"column":5}},"locations":[{"start":{"line":332,"column":20},"end":{"line":339,"column":5}}]},"101":{"type":"branch","line":339,"loc":{"start":{"line":339,"column":5},"end":{"line":358,"column":5}},"locations":[{"start":{"line":339,"column":5},"end":{"line":358,"column":5}}]},"102":{"type":"branch","line":339,"loc":{"start":{"line":339,"column":29},"end":{"line":346,"column":5}},"locations":[{"start":{"line":339,"column":29},"end":{"line":346,"column":5}}]},"103":{"type":"branch","line":346,"loc":{"start":{"line":346,"column":5},"end":{"line":358,"column":5}},"locations":[{"start":{"line":346,"column":5},"end":{"line":358,"column":5}}]},"104":{"type":"branch","line":330,"loc":{"start":{"line":330,"column":39},"end":{"line":330,"column":64}},"locations":[{"start":{"line":330,"column":39},"end":{"line":330,"column":64}}]},"105":{"type":"branch","line":333,"loc":{"start":{"line":333,"column":28},"end":{"line":338,"column":7}},"locations":[{"start":{"line":333,"column":28},"end":{"line":338,"column":7}}]},"106":{"type":"branch","line":340,"loc":{"start":{"line":340,"column":28},"end":{"line":345,"column":7}},"locations":[{"start":{"line":340,"column":28},"end":{"line":345,"column":7}}]},"107":{"type":"branch","line":347,"loc":{"start":{"line":347,"column":28},"end":{"line":357,"column":7}},"locations":[{"start":{"line":347,"column":28},"end":{"line":357,"column":7}}]},"108":{"type":"branch","line":369,"loc":{"start":{"line":369,"column":0},"end":{"line":387,"column":1}},"locations":[{"start":{"line":369,"column":0},"end":{"line":387,"column":1}}]},"109":{"type":"branch","line":371,"loc":{"start":{"line":371,"column":21},"end":{"line":373,"column":3}},"locations":[{"start":{"line":371,"column":21},"end":{"line":373,"column":3}}]},"110":{"type":"branch","line":393,"loc":{"start":{"line":393,"column":0},"end":{"line":398,"column":1}},"locations":[{"start":{"line":393,"column":0},"end":{"line":398,"column":1}}]},"111":{"type":"branch","line":395,"loc":{"start":{"line":395,"column":13},"end":{"line":397,"column":3}},"locations":[{"start":{"line":395,"column":13},"end":{"line":397,"column":3}}]},"112":{"type":"branch","line":404,"loc":{"start":{"line":404,"column":0},"end":{"line":453,"column":1}},"locations":[{"start":{"line":404,"column":0},"end":{"line":453,"column":1}}]},"113":{"type":"branch","line":414,"loc":{"start":{"line":414,"column":26},"end":{"line":417,"column":3}},"locations":[{"start":{"line":414,"column":26},"end":{"line":417,"column":3}}]},"114":{"type":"branch","line":420,"loc":{"start":{"line":420,"column":31},"end":{"line":448,"column":4}},"locations":[{"start":{"line":420,"column":31},"end":{"line":448,"column":4}}]},"115":{"type":"branch","line":421,"loc":{"start":{"line":421,"column":113},"end":{"line":421,"column":120}},"locations":[{"start":{"line":421,"column":113},"end":{"line":421,"column":120}}]},"116":{"type":"branch","line":448,"loc":{"start":{"line":448,"column":4},"end":{"line":450,"column":3}},"locations":[{"start":{"line":448,"column":4},"end":{"line":450,"column":3}}]},"117":{"type":"branch","line":450,"loc":{"start":{"line":450,"column":3},"end":{"line":452,"column":3}},"locations":[{"start":{"line":450,"column":3},"end":{"line":452,"column":3}}]},"118":{"type":"branch","line":419,"loc":{"start":{"line":419,"column":36},"end":{"line":419,"column":64}},"locations":[{"start":{"line":419,"column":36},"end":{"line":419,"column":64}}]},"119":{"type":"branch","line":447,"loc":{"start":{"line":447,"column":22},"end":{"line":447,"column":69}},"locations":[{"start":{"line":447,"column":22},"end":{"line":447,"column":69}}]},"120":{"type":"branch","line":498,"loc":{"start":{"line":498,"column":0},"end":{"line":507,"column":1}},"locations":[{"start":{"line":498,"column":0},"end":{"line":507,"column":1}}]}},"b":{"0":[41],"1":[3],"2":[38],"3":[12],"4":[40],"5":[26],"6":[101],"7":[2],"8":[24],"9":[19],"10":[2],"11":[17],"12":[0],"13":[58],"14":[57],"15":[31],"16":[27],"17":[34],"18":[19],"19":[9],"20":[8],"21":[7],"22":[1],"23":[19],"24":[18],"25":[2],"26":[17],"27":[46],"28":[46],"29":[10],"30":[9],"31":[1],"32":[9],"33":[2],"34":[7],"35":[1],"36":[6],"37":[3],"38":[20],"39":[4],"40":[16],"41":[58],"42":[3],"43":[13],"44":[12],"45":[21],"46":[2],"47":[20],"48":[19],"49":[18],"50":[0],"51":[55],"52":[48],"53":[1],"54":[47],"55":[32],"56":[15],"57":[17],"58":[30],"59":[288],"60":[47],"61":[376],"62":[0],"63":[0],"64":[47],"65":[7],"66":[6],"67":[4],"68":[3],"69":[5],"70":[24],"71":[0],"72":[3],"73":[27],"74":[16],"75":[0],"76":[256],"77":[25],"78":[17],"79":[6],"80":[19],"81":[8],"82":[2],"83":[17],"84":[11],"85":[10],"86":[1],"87":[6],"88":[5],"89":[3],"90":[2],"91":[1],"92":[5],"93":[9],"94":[1],"95":[8],"96":[0],"97":[10],"98":[7],"99":[13],"100":[2],"101":[11],"102":[3],"103":[8],"104":[25],"105":[2],"106":[3],"107":[8],"108":[5],"109":[1],"110":[3],"111":[2],"112":[2],"113":[0],"114":[1],"115":[0],"116":[0],"117":[1],"118":[2],"119":[1],"120":[1]},"fnMap":{"0":{"name":"isBareIPv4","decl":{"start":{"line":21,"column":0},"end":{"line":35,"column":1}},"loc":{"start":{"line":21,"column":0},"end":{"line":35,"column":1}},"line":21},"1":{"name":"isBareIPv6","decl":{"start":{"line":42,"column":0},"end":{"line":53,"column":1}},"loc":{"start":{"line":42,"column":0},"end":{"line":53,"column":1}},"line":42},"2":{"name":"normalizeToCIDR","decl":{"start":{"line":60,"column":0},"end":{"line":74,"column":1}},"loc":{"start":{"line":60,"column":0},"end":{"line":74,"column":1}},"line":60},"3":{"name":"parseInput","decl":{"start":{"line":81,"column":0},"end":{"line":92,"column":1}},"loc":{"start":{"line":81,"column":0},"end":{"line":92,"column":1}},"line":81},"4":{"name":"isValidCIDR","decl":{"start":{"line":99,"column":0},"end":{"line":118,"column":1}},"loc":{"start":{"line":99,"column":0},"end":{"line":118,"column":1}},"line":99},"5":{"name":"isValidIPv4","decl":{"start":{"line":126,"column":0},"end":{"line":143,"column":1}},"loc":{"start":{"line":126,"column":0},"end":{"line":143,"column":1}},"line":126},"6":{"name":"isValidIPv6","decl":{"start":{"line":151,"column":0},"end":{"line":161,"column":1}},"loc":{"start":{"line":151,"column":0},"end":{"line":161,"column":1}},"line":151},"7":{"name":"parseIPv6","decl":{"start":{"line":168,"column":0},"end":{"line":204,"column":1}},"loc":{"start":{"line":168,"column":0},"end":{"line":204,"column":1}},"line":168},"8":{"name":"ipv4ToNumber","decl":{"start":{"line":211,"column":0},"end":{"line":219,"column":1}},"loc":{"start":{"line":211,"column":0},"end":{"line":219,"column":1}},"line":211},"9":{"name":"ipv6ToNumber","decl":{"start":{"line":226,"column":0},"end":{"line":237,"column":1}},"loc":{"start":{"line":226,"column":0},"end":{"line":237,"column":1}},"line":226},"10":{"name":"compareCIDR","decl":{"start":{"line":245,"column":0},"end":{"line":274,"column":1}},"loc":{"start":{"line":245,"column":0},"end":{"line":274,"column":1}},"line":245},"11":{"name":"sortCIDRs","decl":{"start":{"line":281,"column":0},"end":{"line":283,"column":1}},"loc":{"start":{"line":281,"column":0},"end":{"line":283,"column":1}},"line":281},"12":{"name":"aggregateCIDRs","decl":{"start":{"line":290,"column":0},"end":{"line":302,"column":1}},"loc":{"start":{"line":290,"column":0},"end":{"line":302,"column":1}},"line":290},"13":{"name":"generateDiff","decl":{"start":{"line":310,"column":0},"end":{"line":314,"column":1}},"loc":{"start":{"line":310,"column":0},"end":{"line":314,"column":1}},"line":310},"14":{"name":"renderDiff","decl":{"start":{"line":321,"column":0},"end":{"line":363,"column":1}},"loc":{"start":{"line":321,"column":0},"end":{"line":363,"column":1}},"line":321},"15":{"name":"showModal","decl":{"start":{"line":369,"column":0},"end":{"line":387,"column":1}},"loc":{"start":{"line":369,"column":0},"end":{"line":387,"column":1}},"line":369},"16":{"name":"hideModal","decl":{"start":{"line":393,"column":0},"end":{"line":398,"column":1}},"loc":{"start":{"line":393,"column":0},"end":{"line":398,"column":1}},"line":393},"17":{"name":"aggregateAddresses","decl":{"start":{"line":404,"column":0},"end":{"line":453,"column":1}},"loc":{"start":{"line":404,"column":0},"end":{"line":453,"column":1}},"line":404},"18":{"name":"errorDiv.textContent","decl":{"start":{"line":447,"column":22},"end":{"line":447,"column":69}},"loc":{"start":{"line":447,"column":22},"end":{"line":447,"column":69}},"line":447},"19":{"name":"copyResults","decl":{"start":{"line":459,"column":0},"end":{"line":492,"column":1}},"loc":{"start":{"line":459,"column":0},"end":{"line":492,"column":1}},"line":459},"20":{"name":"init","decl":{"start":{"line":498,"column":0},"end":{"line":507,"column":1}},"loc":{"start":{"line":498,"column":0},"end":{"line":507,"column":1}},"line":498}},"f":{"0":41,"1":19,"2":58,"3":19,"4":10,"5":20,"6":21,"7":55,"8":27,"9":16,"10":25,"11":5,"12":9,"13":10,"14":7,"15":5,"16":3,"17":2,"18":1,"19":0,"20":1}}
,"/Users/jtally/agg/ip-aggregate/playwright.config.js": {"path":"/Users/jtally/agg/ip-aggregate/playwright.config.js","all":true,"statementMap":{"0":{"start":{"line":1,"column":0},"end":{"line":1,"column":3}},"1":{"start":{"line":2,"column":0},"end":{"line":2,"column":27}},"2":{"start":{"line":3,"column":0},"end":{"line":3,"column":50}},"3":{"start":{"line":4,"column":0},"end":{"line":4,"column":31}},"4":{"start":{"line":5,"column":0},"end":{"line":5,"column":3}},"5":{"start":{"line":6,"column":0},"end":{"line":6,"column":0}},"6":{"start":{"line":7,"column":0},"end":{"line":7,"column":57}},"7":{"start":{"line":8,"column":0},"end":{"line":8,"column":0}},"8":{"start":{"line":9,"column":0},"end":{"line":9,"column":29}},"9":{"start":{"line":10,"column":0},"end":{"line":10,"column":25}},"10":{"start":{"line":11,"column":0},"end":{"line":11,"column":22}},"11":{"start":{"line":12,"column":0},"end":{"line":12,"column":31}},"12":{"start":{"line":13,"column":0},"end":{"line":13,"column":34}},"13":{"start":{"line":14,"column":0},"end":{"line":14,"column":42}},"14":{"start":{"line":15,"column":0},"end":{"line":15,"column":19}},"15":{"start":{"line":16,"column":0},"end":{"line":16,"column":8}},"16":{"start":{"line":17,"column":0},"end":{"line":17,"column":37}},"17":{"start":{"line":18,"column":0},"end":{"line":18,"column":28}},"18":{"start":{"line":19,"column":0},"end":{"line":19,"column":4}},"19":{"start":{"line":20,"column":0},"end":{"line":20,"column":0}},"20":{"start":{"line":21,"column":0},"end":{"line":21,"column":13}},"21":{"start":{"line":22,"column":0},"end":{"line":22,"column":5}},"22":{"start":{"line":23,"column":0},"end":{"line":23,"column":23}},"23":{"start":{"line":24,"column":0},"end":{"line":24,"column":44}},"24":{"start":{"line":25,"column":0},"end":{"line":25,"column":6}},"25":{"start":{"line":26,"column":0},"end":{"line":26,"column":5}},"26":{"start":{"line":27,"column":0},"end":{"line":27,"column":22}},"27":{"start":{"line":28,"column":0},"end":{"line":28,"column":45}},"28":{"start":{"line":29,"column":0},"end":{"line":29,"column":6}},"29":{"start":{"line":30,"column":0},"end":{"line":30,"column":5}},"30":{"start":{"line":31,"column":0},"end":{"line":31,"column":21}},"31":{"start":{"line":32,"column":0},"end":{"line":32,"column":44}},"32":{"start":{"line":33,"column":0},"end":{"line":33,"column":6}},"33":{"start":{"line":34,"column":0},"end":{"line":34,"column":4}},"34":{"start":{"line":35,"column":0},"end":{"line":35,"column":0}},"35":{"start":{"line":36,"column":0},"end":{"line":36,"column":14}},"36":{"start":{"line":37,"column":0},"end":{"line":37,"column":35}},"37":{"start":{"line":38,"column":0},"end":{"line":38,"column":15}},"38":{"start":{"line":39,"column":0},"end":{"line":39,"column":41}},"39":{"start":{"line":40,"column":0},"end":{"line":40,"column":4}},"40":{"start":{"line":41,"column":0},"end":{"line":41,"column":3}}},"s":{"0":0,"1":0,"2":0,"3":0,"4":0,"5":0,"6":0,"7":0,"8":0,"9":0,"10":0,"11":0,"12":0,"13":0,"14":0,"15":0,"16":0,"17":0,"18":0,"19":0,"20":0,"21":0,"22":0,"23":0,"24":0,"25":0,"26":0,"27":0,"28":0,"29":0,"30":0,"31":0,"32":0,"33":0,"34":0,"35":0,"36":0,"37":0,"38":0,"39":0,"40":0},"branchMap":{"0":{"type":"branch","line":1,"loc":{"start":{"line":1,"column":0},"end":{"line":41,"column":-149}},"locations":[{"start":{"line":1,"column":0},"end":{"line":41,"column":-149}}]}},"b":{"0":[0]},"fnMap":{"0":{"name":"(empty-report)","decl":{"start":{"line":1,"column":0},"end":{"line":41,"column":-149}},"loc":{"start":{"line":1,"column":0},"end":{"line":41,"column":-149}},"line":1}},"f":{"0":0}}
}
